Arguments: 
  C:\Program Files\nodejs\node.exe C:\Users\lucma\AppData\Roaming\npm\node_modules\yarn\bin\yarn.js

PATH: 
  C:\Windows\system32;C:\Windows;C:\Windows\System32\Wbem;C:\Windows\System32\WindowsPowerShell\v1.0\;C:\Windows\System32\OpenSSH\;C:\Program Files\RedHat\java-11-openjdk-11.0.10-1\bin;C:\Program Files\Git\cmd;C:\Program Files\PuTTY\;C:\Program Files\OpenSSL-Win64\bin;C:\Program Files\dotnet\;C:\Program Files\Microsoft SQL Server\Client SDK\ODBC\170\Tools\Binn\;C:\Program Files (x86)\Microsoft SQL Server\150\Tools\Binn\;C:\Program Files\Microsoft SQL Server\150\Tools\Binn\;C:\Program Files\Microsoft SQL Server\150\DTS\Binn\;C:\Tools\flutter\bin;C:\Program Files\Android\Android Studio\bin;D:\Tools;C:\Program Files\Git\usr\bin;C:\Program Files (x86)\MySQL\MySQL Utilities 1.6\;C:\Program Files\Docker\Docker\resources\bin;C:\Program Files\nodejs\;C:\Users\lucma\google-cloud-sdk\bin;C:\Users\lucma\AppData\Local\Microsoft\WindowsApps;C:\Users\lucma\AppData\Local\Programs\Microsoft VS Code\bin;C:\Program Files (x86)\mingw-w64\i686-8.1.0-posix-dwarf-rt_v6-rev0\mingw32\bin;C:\Users\lucma\AppData\Local\Programs\Python\Python37;C:\Tools\apache-maven-3.8.1\bin;C:\xampp\php;C:\Users\lucma\.dotnet\tools;C:\Tools\pc2-9.7.0-6181\bin;C:\Tools;C:\Users\lucma\AppData\Local\Programs\MiKTeX\miktex\bin\x64\;C:\Program Files (x86)\MySQL\MySQL Connector C 6.1\lib;C:\Users\lucma\AppData\Roaming\npm

Yarn version: 
  1.22.17

Node version: 
  18.18.2

Platform: 
  win32 x64

Trace: 
  Error: connect EHOSTUNREACH 104.16.3.35:443
      at TCPConnectWrap.afterConnect [as oncomplete] (node:net:1555:16)

npm manifest: 
  {
    "name": "my-remix-app",
    "private": true,
    "sideEffects": false,
    "type": "module",
    "scripts": {
      "build": "remix vite:build",
      "dev": "remix vite:dev",
      "lint": "eslint --ignore-path .gitignore --cache --cache-location ./node_modules/.cache/eslint .",
      "start": "remix-serve ./build/server/index.js",
      "typecheck": "tsc"
    },
    "dependencies": {
      "@remix-run/node": "^2.12.1",
      "@remix-run/react": "^2.12.1",
      "@remix-run/serve": "^2.12.1",
      "isbot": "^4.1.0",
      "react": "^18.2.0",
      "react-dom": "^18.2.0"
    },
    "devDependencies": {
      "@remix-run/dev": "^2.12.1",
      "@types/react": "^18.2.20",
      "@types/react-dom": "^18.2.7",
      "@typescript-eslint/eslint-plugin": "^6.7.4",
      "@typescript-eslint/parser": "^6.7.4",
      "autoprefixer": "^10.4.19",
      "eslint": "^8.38.0",
      "eslint-import-resolver-typescript": "^3.6.1",
      "eslint-plugin-import": "^2.28.1",
      "eslint-plugin-jsx-a11y": "^6.7.1",
      "eslint-plugin-react": "^7.33.2",
      "eslint-plugin-react-hooks": "^4.6.0",
      "postcss": "^8.4.38",
      "tailwindcss": "^3.4.4",
      "typescript": "^5.1.6",
      "vite": "^5.1.0",
      "vite-tsconfig-paths": "^4.2.1"
    },
    "engines": {
      "node": ">=18"
    }
  }

yarn manifest: 
  No manifest

Lockfile: 
  No lockfile
